<?xml version="1.0" encoding="UTF-8"?>
<!-- Generated by org.testng.reporters.JUnitXMLReporter -->
<testsuite hostname="W0472501MSMXT" ignored="0" name="CreateCustomerAPITest" tests="2" failures="0" timestamp="2020-01-27T13:43:03 IST" time="1.803" errors="0">
  <testcase name="validateCreateCustomerAPIWithValidSecretKey" time="1.765" classname="com.w2a.APITestingFrameWork.TestCases.CreateCustomerTest"/>
  <testcase name="validateCreateCustomerAPIWithValidSecretKey" time="1.762" classname="com.w2a.APITestingFrameWork.TestCases.CreateCustomerTest"/>
</testsuite> <!-- CreateCustomerAPITest -->
