<?xml version="1.0" encoding="UTF-8"?>
<!-- Generated by org.testng.reporters.JUnitXMLReporter -->
<testsuite hostname="W0472501MSMXT" ignored="0" name="DeleteCustomerAPITest" tests="2" failures="2" timestamp="2020-01-27T13:43:04 IST" time="0.807" errors="0">
  <testcase name="deleteCustomer" time="0.795" classname="com.w2a.APITestingFrameWork.TestCases.DeleteCustomerTest">
    <failure type="java.lang.AssertionError" message="ID key is not present in JSON Response expected [true] but found [false]">
      <![CDATA[java.lang.AssertionError: ID key is not present in JSON Response expected [true] but found [false]
at com.w2a.APITestingFrameWork.TestCases.DeleteCustomerTest.deleteCustomer(DeleteCustomerTest.java:39)
at java.util.concurrent.FutureTask.run(FutureTask.java:266)
at java.util.concurrent.Executors$RunnableAdapter.call(Executors.java:511)
at java.util.concurrent.FutureTask.run(FutureTask.java:266)
at java.util.concurrent.ThreadPoolExecutor.runWorker(ThreadPoolExecutor.java:1149)
at java.util.concurrent.ThreadPoolExecutor$Worker.run(ThreadPoolExecutor.java:624)
at java.lang.Thread.run(Thread.java:748)
... Removed 12 stack frames]]>
    </failure>
  </testcase> <!-- deleteCustomer -->
  <testcase name="deleteCustomer" time="0.801" classname="com.w2a.APITestingFrameWork.TestCases.DeleteCustomerTest">
    <failure type="java.lang.AssertionError" message="ID key is not present in JSON Response expected [true] but found [false]">
      <![CDATA[java.lang.AssertionError: ID key is not present in JSON Response expected [true] but found [false]
at com.w2a.APITestingFrameWork.TestCases.DeleteCustomerTest.deleteCustomer(DeleteCustomerTest.java:39)
at java.util.concurrent.FutureTask.run(FutureTask.java:266)
at java.util.concurrent.Executors$RunnableAdapter.call(Executors.java:511)
at java.util.concurrent.FutureTask.run(FutureTask.java:266)
at java.util.concurrent.ThreadPoolExecutor.runWorker(ThreadPoolExecutor.java:1149)
at java.util.concurrent.ThreadPoolExecutor$Worker.run(ThreadPoolExecutor.java:624)
at java.lang.Thread.run(Thread.java:748)
... Removed 12 stack frames]]>
    </failure>
  </testcase> <!-- deleteCustomer -->
</testsuite> <!-- DeleteCustomerAPITest -->
