<?xml version="1.0" encoding="UTF-8"?>
<!-- Generated by org.testng.reporters.JUnitXMLReporter -->
<testsuite hostname="W0472501MSMXT" ignored="0" name="DeleteCustomerAPITest" tests="60" failures="60" timestamp="2020-01-27T15:31:18 IST" time="4.84" errors="0">
  <testcase name="deleteCustomer" time="0.795" classname="com.w2a.APITestingFrameWork.TestCases.DeleteCustomerTest">
    <failure type="java.lang.AssertionError" message="ID key is not present in JSON Response expected [true] but found [false]">
      <![CDATA[java.lang.AssertionError: ID key is not present in JSON Response expected [true] but found [false]
at com.w2a.APITestingFrameWork.TestCases.DeleteCustomerTest.deleteCustomer(DeleteCustomerTest.java:39)
at java.util.concurrent.FutureTask.run(FutureTask.java:266)
at java.util.concurrent.Executors$RunnableAdapter.call(Executors.java:511)
at java.util.concurrent.FutureTask.run(FutureTask.java:266)
at java.util.concurrent.ThreadPoolExecutor.runWorker(ThreadPoolExecutor.java:1149)
at java.util.concurrent.ThreadPoolExecutor$Worker.run(ThreadPoolExecutor.java:624)
at java.lang.Thread.run(Thread.java:748)
... Removed 12 stack frames]]>
    </failure>
  </testcase> <!-- deleteCustomer -->
  <testcase name="deleteCustomer" time="0.796" classname="com.w2a.APITestingFrameWork.TestCases.DeleteCustomerTest">
    <failure type="java.lang.AssertionError" message="ID key is not present in JSON Response expected [true] but found [false]">
      <![CDATA[java.lang.AssertionError: ID key is not present in JSON Response expected [true] but found [false]
at com.w2a.APITestingFrameWork.TestCases.DeleteCustomerTest.deleteCustomer(DeleteCustomerTest.java:39)
at java.util.concurrent.FutureTask.run(FutureTask.java:266)
at java.util.concurrent.Executors$RunnableAdapter.call(Executors.java:511)
at java.util.concurrent.FutureTask.run(FutureTask.java:266)
at java.util.concurrent.ThreadPoolExecutor.runWorker(ThreadPoolExecutor.java:1149)
at java.util.concurrent.ThreadPoolExecutor$Worker.run(ThreadPoolExecutor.java:624)
at java.lang.Thread.run(Thread.java:748)
... Removed 12 stack frames]]>
    </failure>
  </testcase> <!-- deleteCustomer -->
  <testcase name="deleteCustomer" time="0.86" classname="com.w2a.APITestingFrameWork.TestCases.DeleteCustomerTest">
    <failure type="java.lang.AssertionError" message="ID key is not present in JSON Response expected [true] but found [false]">
      <![CDATA[java.lang.AssertionError: ID key is not present in JSON Response expected [true] but found [false]
at com.w2a.APITestingFrameWork.TestCases.DeleteCustomerTest.deleteCustomer(DeleteCustomerTest.java:39)
at java.util.concurrent.FutureTask.run(FutureTask.java:266)
at java.util.concurrent.Executors$RunnableAdapter.call(Executors.java:511)
at java.util.concurrent.FutureTask.run(FutureTask.java:266)
at java.util.concurrent.ThreadPoolExecutor.runWorker(ThreadPoolExecutor.java:1149)
at java.util.concurrent.ThreadPoolExecutor$Worker.run(ThreadPoolExecutor.java:624)
at java.lang.Thread.run(Thread.java:748)
... Removed 12 stack frames]]>
    </failure>
  </testcase> <!-- deleteCustomer -->
  <testcase name="deleteCustomer" time="0.861" classname="com.w2a.APITestingFrameWork.TestCases.DeleteCustomerTest">
    <failure type="java.lang.AssertionError" message="ID key is not present in JSON Response expected [true] but found [false]">
      <![CDATA[java.lang.AssertionError: ID key is not present in JSON Response expected [true] but found [false]
at com.w2a.APITestingFrameWork.TestCases.DeleteCustomerTest.deleteCustomer(DeleteCustomerTest.java:39)
at java.util.concurrent.FutureTask.run(FutureTask.java:266)
at java.util.concurrent.Executors$RunnableAdapter.call(Executors.java:511)
at java.util.concurrent.FutureTask.run(FutureTask.java:266)
at java.util.concurrent.ThreadPoolExecutor.runWorker(ThreadPoolExecutor.java:1149)
at java.util.concurrent.ThreadPoolExecutor$Worker.run(ThreadPoolExecutor.java:624)
at java.lang.Thread.run(Thread.java:748)
... Removed 12 stack frames]]>
    </failure>
  </testcase> <!-- deleteCustomer -->
  <testcase name="deleteCustomer" time="0.863" classname="com.w2a.APITestingFrameWork.TestCases.DeleteCustomerTest">
    <failure type="java.lang.AssertionError" message="ID key is not present in JSON Response expected [true] but found [false]">
      <![CDATA[java.lang.AssertionError: ID key is not present in JSON Response expected [true] but found [false]
at com.w2a.APITestingFrameWork.TestCases.DeleteCustomerTest.deleteCustomer(DeleteCustomerTest.java:39)
at java.util.concurrent.FutureTask.run(FutureTask.java:266)
at java.util.concurrent.Executors$RunnableAdapter.call(Executors.java:511)
at java.util.concurrent.FutureTask.run(FutureTask.java:266)
at java.util.concurrent.ThreadPoolExecutor.runWorker(ThreadPoolExecutor.java:1149)
at java.util.concurrent.ThreadPoolExecutor$Worker.run(ThreadPoolExecutor.java:624)
at java.lang.Thread.run(Thread.java:748)
... Removed 12 stack frames]]>
    </failure>
  </testcase> <!-- deleteCustomer -->
  <testcase name="deleteCustomer" time="0.864" classname="com.w2a.APITestingFrameWork.TestCases.DeleteCustomerTest">
    <failure type="java.lang.AssertionError" message="ID key is not present in JSON Response expected [true] but found [false]">
      <![CDATA[java.lang.AssertionError: ID key is not present in JSON Response expected [true] but found [false]
at com.w2a.APITestingFrameWork.TestCases.DeleteCustomerTest.deleteCustomer(DeleteCustomerTest.java:39)
at java.util.concurrent.FutureTask.run(FutureTask.java:266)
at java.util.concurrent.Executors$RunnableAdapter.call(Executors.java:511)
at java.util.concurrent.FutureTask.run(FutureTask.java:266)
at java.util.concurrent.ThreadPoolExecutor.runWorker(ThreadPoolExecutor.java:1149)
at java.util.concurrent.ThreadPoolExecutor$Worker.run(ThreadPoolExecutor.java:624)
at java.lang.Thread.run(Thread.java:748)
... Removed 12 stack frames]]>
    </failure>
  </testcase> <!-- deleteCustomer -->
  <testcase name="deleteCustomer" time="0.866" classname="com.w2a.APITestingFrameWork.TestCases.DeleteCustomerTest">
    <failure type="java.lang.AssertionError" message="ID key is not present in JSON Response expected [true] but found [false]">
      <![CDATA[java.lang.AssertionError: ID key is not present in JSON Response expected [true] but found [false]
at com.w2a.APITestingFrameWork.TestCases.DeleteCustomerTest.deleteCustomer(DeleteCustomerTest.java:39)
at java.util.concurrent.FutureTask.run(FutureTask.java:266)
at java.util.concurrent.Executors$RunnableAdapter.call(Executors.java:511)
at java.util.concurrent.FutureTask.run(FutureTask.java:266)
at java.util.concurrent.ThreadPoolExecutor.runWorker(ThreadPoolExecutor.java:1149)
at java.util.concurrent.ThreadPoolExecutor$Worker.run(ThreadPoolExecutor.java:624)
at java.lang.Thread.run(Thread.java:748)
... Removed 12 stack frames]]>
    </failure>
  </testcase> <!-- deleteCustomer -->
  <testcase name="deleteCustomer" time="0.866" classname="com.w2a.APITestingFrameWork.TestCases.DeleteCustomerTest">
    <failure type="java.lang.AssertionError" message="ID key is not present in JSON Response expected [true] but found [false]">
      <![CDATA[java.lang.AssertionError: ID key is not present in JSON Response expected [true] but found [false]
at com.w2a.APITestingFrameWork.TestCases.DeleteCustomerTest.deleteCustomer(DeleteCustomerTest.java:39)
at java.util.concurrent.FutureTask.run(FutureTask.java:266)
at java.util.concurrent.Executors$RunnableAdapter.call(Executors.java:511)
at java.util.concurrent.FutureTask.run(FutureTask.java:266)
at java.util.concurrent.ThreadPoolExecutor.runWorker(ThreadPoolExecutor.java:1149)
at java.util.concurrent.ThreadPoolExecutor$Worker.run(ThreadPoolExecutor.java:624)
at java.lang.Thread.run(Thread.java:748)
... Removed 12 stack frames]]>
    </failure>
  </testcase> <!-- deleteCustomer -->
  <testcase name="deleteCustomer" time="0.866" classname="com.w2a.APITestingFrameWork.TestCases.DeleteCustomerTest">
    <failure type="java.lang.AssertionError" message="ID key is not present in JSON Response expected [true] but found [false]">
      <![CDATA[java.lang.AssertionError: ID key is not present in JSON Response expected [true] but found [false]
at com.w2a.APITestingFrameWork.TestCases.DeleteCustomerTest.deleteCustomer(DeleteCustomerTest.java:39)
at java.util.concurrent.FutureTask.run(FutureTask.java:266)
at java.util.concurrent.Executors$RunnableAdapter.call(Executors.java:511)
at java.util.concurrent.FutureTask.run(FutureTask.java:266)
at java.util.concurrent.ThreadPoolExecutor.runWorker(ThreadPoolExecutor.java:1149)
at java.util.concurrent.ThreadPoolExecutor$Worker.run(ThreadPoolExecutor.java:624)
at java.lang.Thread.run(Thread.java:748)
... Removed 12 stack frames]]>
    </failure>
  </testcase> <!-- deleteCustomer -->
  <testcase name="deleteCustomer" time="0.951" classname="com.w2a.APITestingFrameWork.TestCases.DeleteCustomerTest">
    <failure type="java.lang.AssertionError" message="ID key is not present in JSON Response expected [true] but found [false]">
      <![CDATA[java.lang.AssertionError: ID key is not present in JSON Response expected [true] but found [false]
at com.w2a.APITestingFrameWork.TestCases.DeleteCustomerTest.deleteCustomer(DeleteCustomerTest.java:39)
at java.util.concurrent.FutureTask.run(FutureTask.java:266)
at java.util.concurrent.Executors$RunnableAdapter.call(Executors.java:511)
at java.util.concurrent.FutureTask.run(FutureTask.java:266)
at java.util.concurrent.ThreadPoolExecutor.runWorker(ThreadPoolExecutor.java:1149)
at java.util.concurrent.ThreadPoolExecutor$Worker.run(ThreadPoolExecutor.java:624)
at java.lang.Thread.run(Thread.java:748)
... Removed 12 stack frames]]>
    </failure>
  </testcase> <!-- deleteCustomer -->
  <testcase name="deleteCustomer" time="0.775" classname="com.w2a.APITestingFrameWork.TestCases.DeleteCustomerTest">
    <failure type="java.lang.AssertionError" message="ID key is not present in JSON Response expected [true] but found [false]">
      <![CDATA[java.lang.AssertionError: ID key is not present in JSON Response expected [true] but found [false]
at com.w2a.APITestingFrameWork.TestCases.DeleteCustomerTest.deleteCustomer(DeleteCustomerTest.java:39)
at java.util.concurrent.FutureTask.run(FutureTask.java:266)
at java.util.concurrent.Executors$RunnableAdapter.call(Executors.java:511)
at java.util.concurrent.FutureTask.run(FutureTask.java:266)
at java.util.concurrent.ThreadPoolExecutor.runWorker(ThreadPoolExecutor.java:1149)
at java.util.concurrent.ThreadPoolExecutor$Worker.run(ThreadPoolExecutor.java:624)
at java.lang.Thread.run(Thread.java:748)
... Removed 12 stack frames]]>
    </failure>
  </testcase> <!-- deleteCustomer -->
  <testcase name="deleteCustomer" time="0.773" classname="com.w2a.APITestingFrameWork.TestCases.DeleteCustomerTest">
    <failure type="java.lang.AssertionError" message="ID key is not present in JSON Response expected [true] but found [false]">
      <![CDATA[java.lang.AssertionError: ID key is not present in JSON Response expected [true] but found [false]
at com.w2a.APITestingFrameWork.TestCases.DeleteCustomerTest.deleteCustomer(DeleteCustomerTest.java:39)
at java.util.concurrent.FutureTask.run(FutureTask.java:266)
at java.util.concurrent.Executors$RunnableAdapter.call(Executors.java:511)
at java.util.concurrent.FutureTask.run(FutureTask.java:266)
at java.util.concurrent.ThreadPoolExecutor.runWorker(ThreadPoolExecutor.java:1149)
at java.util.concurrent.ThreadPoolExecutor$Worker.run(ThreadPoolExecutor.java:624)
at java.lang.Thread.run(Thread.java:748)
... Removed 11 stack frames]]>
    </failure>
  </testcase> <!-- deleteCustomer -->
  <testcase name="deleteCustomer" time="0.775" classname="com.w2a.APITestingFrameWork.TestCases.DeleteCustomerTest">
    <failure type="java.lang.AssertionError" message="ID key is not present in JSON Response expected [true] but found [false]">
      <![CDATA[java.lang.AssertionError: ID key is not present in JSON Response expected [true] but found [false]
at com.w2a.APITestingFrameWork.TestCases.DeleteCustomerTest.deleteCustomer(DeleteCustomerTest.java:39)
at java.util.concurrent.FutureTask.run(FutureTask.java:266)
at java.util.concurrent.Executors$RunnableAdapter.call(Executors.java:511)
at java.util.concurrent.FutureTask.run(FutureTask.java:266)
at java.util.concurrent.ThreadPoolExecutor.runWorker(ThreadPoolExecutor.java:1149)
at java.util.concurrent.ThreadPoolExecutor$Worker.run(ThreadPoolExecutor.java:624)
at java.lang.Thread.run(Thread.java:748)
... Removed 12 stack frames]]>
    </failure>
  </testcase> <!-- deleteCustomer -->
  <testcase name="deleteCustomer" time="0.78" classname="com.w2a.APITestingFrameWork.TestCases.DeleteCustomerTest">
    <failure type="java.lang.AssertionError" message="ID key is not present in JSON Response expected [true] but found [false]">
      <![CDATA[java.lang.AssertionError: ID key is not present in JSON Response expected [true] but found [false]
at com.w2a.APITestingFrameWork.TestCases.DeleteCustomerTest.deleteCustomer(DeleteCustomerTest.java:39)
at java.util.concurrent.FutureTask.run(FutureTask.java:266)
at java.util.concurrent.Executors$RunnableAdapter.call(Executors.java:511)
at java.util.concurrent.FutureTask.run(FutureTask.java:266)
at java.util.concurrent.ThreadPoolExecutor.runWorker(ThreadPoolExecutor.java:1149)
at java.util.concurrent.ThreadPoolExecutor$Worker.run(ThreadPoolExecutor.java:624)
at java.lang.Thread.run(Thread.java:748)
... Removed 12 stack frames]]>
    </failure>
  </testcase> <!-- deleteCustomer -->
  <testcase name="deleteCustomer" time="0.785" classname="com.w2a.APITestingFrameWork.TestCases.DeleteCustomerTest">
    <failure type="java.lang.AssertionError" message="ID key is not present in JSON Response expected [true] but found [false]">
      <![CDATA[java.lang.AssertionError: ID key is not present in JSON Response expected [true] but found [false]
at com.w2a.APITestingFrameWork.TestCases.DeleteCustomerTest.deleteCustomer(DeleteCustomerTest.java:39)
at java.util.concurrent.FutureTask.run(FutureTask.java:266)
at java.util.concurrent.Executors$RunnableAdapter.call(Executors.java:511)
at java.util.concurrent.FutureTask.run(FutureTask.java:266)
at java.util.concurrent.ThreadPoolExecutor.runWorker(ThreadPoolExecutor.java:1149)
at java.util.concurrent.ThreadPoolExecutor$Worker.run(ThreadPoolExecutor.java:624)
at java.lang.Thread.run(Thread.java:748)
... Removed 12 stack frames]]>
    </failure>
  </testcase> <!-- deleteCustomer -->
  <testcase name="deleteCustomer" time="0.783" classname="com.w2a.APITestingFrameWork.TestCases.DeleteCustomerTest">
    <failure type="java.lang.AssertionError" message="ID key is not present in JSON Response expected [true] but found [false]">
      <![CDATA[java.lang.AssertionError: ID key is not present in JSON Response expected [true] but found [false]
at com.w2a.APITestingFrameWork.TestCases.DeleteCustomerTest.deleteCustomer(DeleteCustomerTest.java:39)
at java.util.concurrent.FutureTask.run(FutureTask.java:266)
at java.util.concurrent.Executors$RunnableAdapter.call(Executors.java:511)
at java.util.concurrent.FutureTask.run(FutureTask.java:266)
at java.util.concurrent.ThreadPoolExecutor.runWorker(ThreadPoolExecutor.java:1149)
at java.util.concurrent.ThreadPoolExecutor$Worker.run(ThreadPoolExecutor.java:624)
at java.lang.Thread.run(Thread.java:748)
... Removed 12 stack frames]]>
    </failure>
  </testcase> <!-- deleteCustomer -->
  <testcase name="deleteCustomer" time="0.793" classname="com.w2a.APITestingFrameWork.TestCases.DeleteCustomerTest">
    <failure type="java.lang.AssertionError" message="ID key is not present in JSON Response expected [true] but found [false]">
      <![CDATA[java.lang.AssertionError: ID key is not present in JSON Response expected [true] but found [false]
at com.w2a.APITestingFrameWork.TestCases.DeleteCustomerTest.deleteCustomer(DeleteCustomerTest.java:39)
at java.util.concurrent.FutureTask.run(FutureTask.java:266)
at java.util.concurrent.Executors$RunnableAdapter.call(Executors.java:511)
at java.util.concurrent.FutureTask.run(FutureTask.java:266)
at java.util.concurrent.ThreadPoolExecutor.runWorker(ThreadPoolExecutor.java:1149)
at java.util.concurrent.ThreadPoolExecutor$Worker.run(ThreadPoolExecutor.java:624)
at java.lang.Thread.run(Thread.java:748)
... Removed 12 stack frames]]>
    </failure>
  </testcase> <!-- deleteCustomer -->
  <testcase name="deleteCustomer" time="0.796" classname="com.w2a.APITestingFrameWork.TestCases.DeleteCustomerTest">
    <failure type="java.lang.AssertionError" message="ID key is not present in JSON Response expected [true] but found [false]">
      <![CDATA[java.lang.AssertionError: ID key is not present in JSON Response expected [true] but found [false]
at com.w2a.APITestingFrameWork.TestCases.DeleteCustomerTest.deleteCustomer(DeleteCustomerTest.java:39)
at java.util.concurrent.FutureTask.run(FutureTask.java:266)
at java.util.concurrent.Executors$RunnableAdapter.call(Executors.java:511)
at java.util.concurrent.FutureTask.run(FutureTask.java:266)
at java.util.concurrent.ThreadPoolExecutor.runWorker(ThreadPoolExecutor.java:1149)
at java.util.concurrent.ThreadPoolExecutor$Worker.run(ThreadPoolExecutor.java:624)
at java.lang.Thread.run(Thread.java:748)
... Removed 12 stack frames]]>
    </failure>
  </testcase> <!-- deleteCustomer -->
  <testcase name="deleteCustomer" time="0.8" classname="com.w2a.APITestingFrameWork.TestCases.DeleteCustomerTest">
    <failure type="java.lang.AssertionError" message="ID key is not present in JSON Response expected [true] but found [false]">
      <![CDATA[java.lang.AssertionError: ID key is not present in JSON Response expected [true] but found [false]
at com.w2a.APITestingFrameWork.TestCases.DeleteCustomerTest.deleteCustomer(DeleteCustomerTest.java:39)
at java.util.concurrent.FutureTask.run(FutureTask.java:266)
at java.util.concurrent.Executors$RunnableAdapter.call(Executors.java:511)
at java.util.concurrent.FutureTask.run(FutureTask.java:266)
at java.util.concurrent.ThreadPoolExecutor.runWorker(ThreadPoolExecutor.java:1149)
at java.util.concurrent.ThreadPoolExecutor$Worker.run(ThreadPoolExecutor.java:624)
at java.lang.Thread.run(Thread.java:748)
... Removed 12 stack frames]]>
    </failure>
  </testcase> <!-- deleteCustomer -->
  <testcase name="deleteCustomer" time="0.773" classname="com.w2a.APITestingFrameWork.TestCases.DeleteCustomerTest">
    <failure type="java.lang.AssertionError" message="ID key is not present in JSON Response expected [true] but found [false]">
      <![CDATA[java.lang.AssertionError: ID key is not present in JSON Response expected [true] but found [false]
at com.w2a.APITestingFrameWork.TestCases.DeleteCustomerTest.deleteCustomer(DeleteCustomerTest.java:39)
at java.util.concurrent.FutureTask.run(FutureTask.java:266)
at java.util.concurrent.Executors$RunnableAdapter.call(Executors.java:511)
at java.util.concurrent.FutureTask.run(FutureTask.java:266)
at java.util.concurrent.ThreadPoolExecutor.runWorker(ThreadPoolExecutor.java:1149)
at java.util.concurrent.ThreadPoolExecutor$Worker.run(ThreadPoolExecutor.java:624)
at java.lang.Thread.run(Thread.java:748)
... Removed 11 stack frames]]>
    </failure>
  </testcase> <!-- deleteCustomer -->
  <testcase name="deleteCustomer" time="0.751" classname="com.w2a.APITestingFrameWork.TestCases.DeleteCustomerTest">
    <failure type="java.lang.AssertionError" message="ID key is not present in JSON Response expected [true] but found [false]">
      <![CDATA[java.lang.AssertionError: ID key is not present in JSON Response expected [true] but found [false]
at com.w2a.APITestingFrameWork.TestCases.DeleteCustomerTest.deleteCustomer(DeleteCustomerTest.java:39)
at java.util.concurrent.FutureTask.run(FutureTask.java:266)
at java.util.concurrent.Executors$RunnableAdapter.call(Executors.java:511)
at java.util.concurrent.FutureTask.run(FutureTask.java:266)
at java.util.concurrent.ThreadPoolExecutor.runWorker(ThreadPoolExecutor.java:1149)
at java.util.concurrent.ThreadPoolExecutor$Worker.run(ThreadPoolExecutor.java:624)
at java.lang.Thread.run(Thread.java:748)
... Removed 11 stack frames]]>
    </failure>
  </testcase> <!-- deleteCustomer -->
  <testcase name="deleteCustomer" time="0.766" classname="com.w2a.APITestingFrameWork.TestCases.DeleteCustomerTest">
    <failure type="java.lang.AssertionError" message="ID key is not present in JSON Response expected [true] but found [false]">
      <![CDATA[java.lang.AssertionError: ID key is not present in JSON Response expected [true] but found [false]
at com.w2a.APITestingFrameWork.TestCases.DeleteCustomerTest.deleteCustomer(DeleteCustomerTest.java:39)
at java.util.concurrent.FutureTask.run(FutureTask.java:266)
at java.util.concurrent.Executors$RunnableAdapter.call(Executors.java:511)
at java.util.concurrent.FutureTask.run(FutureTask.java:266)
at java.util.concurrent.ThreadPoolExecutor.runWorker(ThreadPoolExecutor.java:1149)
at java.util.concurrent.ThreadPoolExecutor$Worker.run(ThreadPoolExecutor.java:624)
at java.lang.Thread.run(Thread.java:748)
... Removed 11 stack frames]]>
    </failure>
  </testcase> <!-- deleteCustomer -->
  <testcase name="deleteCustomer" time="0.788" classname="com.w2a.APITestingFrameWork.TestCases.DeleteCustomerTest">
    <failure type="java.lang.AssertionError" message="ID key is not present in JSON Response expected [true] but found [false]">
      <![CDATA[java.lang.AssertionError: ID key is not present in JSON Response expected [true] but found [false]
at com.w2a.APITestingFrameWork.TestCases.DeleteCustomerTest.deleteCustomer(DeleteCustomerTest.java:39)
at java.util.concurrent.FutureTask.run(FutureTask.java:266)
at java.util.concurrent.Executors$RunnableAdapter.call(Executors.java:511)
at java.util.concurrent.FutureTask.run(FutureTask.java:266)
at java.util.concurrent.ThreadPoolExecutor.runWorker(ThreadPoolExecutor.java:1149)
at java.util.concurrent.ThreadPoolExecutor$Worker.run(ThreadPoolExecutor.java:624)
at java.lang.Thread.run(Thread.java:748)
... Removed 11 stack frames]]>
    </failure>
  </testcase> <!-- deleteCustomer -->
  <testcase name="deleteCustomer" time="0.788" classname="com.w2a.APITestingFrameWork.TestCases.DeleteCustomerTest">
    <failure type="java.lang.AssertionError" message="ID key is not present in JSON Response expected [true] but found [false]">
      <![CDATA[java.lang.AssertionError: ID key is not present in JSON Response expected [true] but found [false]
at com.w2a.APITestingFrameWork.TestCases.DeleteCustomerTest.deleteCustomer(DeleteCustomerTest.java:39)
at java.util.concurrent.FutureTask.run(FutureTask.java:266)
at java.util.concurrent.Executors$RunnableAdapter.call(Executors.java:511)
at java.util.concurrent.FutureTask.run(FutureTask.java:266)
at java.util.concurrent.ThreadPoolExecutor.runWorker(ThreadPoolExecutor.java:1149)
at java.util.concurrent.ThreadPoolExecutor$Worker.run(ThreadPoolExecutor.java:624)
at java.lang.Thread.run(Thread.java:748)
... Removed 11 stack frames]]>
    </failure>
  </testcase> <!-- deleteCustomer -->
  <testcase name="deleteCustomer" time="0.765" classname="com.w2a.APITestingFrameWork.TestCases.DeleteCustomerTest">
    <failure type="java.lang.AssertionError" message="ID key is not present in JSON Response expected [true] but found [false]">
      <![CDATA[java.lang.AssertionError: ID key is not present in JSON Response expected [true] but found [false]
at com.w2a.APITestingFrameWork.TestCases.DeleteCustomerTest.deleteCustomer(DeleteCustomerTest.java:39)
at java.util.concurrent.FutureTask.run(FutureTask.java:266)
at java.util.concurrent.Executors$RunnableAdapter.call(Executors.java:511)
at java.util.concurrent.FutureTask.run(FutureTask.java:266)
at java.util.concurrent.ThreadPoolExecutor.runWorker(ThreadPoolExecutor.java:1149)
at java.util.concurrent.ThreadPoolExecutor$Worker.run(ThreadPoolExecutor.java:624)
at java.lang.Thread.run(Thread.java:748)
... Removed 11 stack frames]]>
    </failure>
  </testcase> <!-- deleteCustomer -->
  <testcase name="deleteCustomer" time="0.773" classname="com.w2a.APITestingFrameWork.TestCases.DeleteCustomerTest">
    <failure type="java.lang.AssertionError" message="ID key is not present in JSON Response expected [true] but found [false]">
      <![CDATA[java.lang.AssertionError: ID key is not present in JSON Response expected [true] but found [false]
at com.w2a.APITestingFrameWork.TestCases.DeleteCustomerTest.deleteCustomer(DeleteCustomerTest.java:39)
at java.util.concurrent.FutureTask.run(FutureTask.java:266)
at java.util.concurrent.Executors$RunnableAdapter.call(Executors.java:511)
at java.util.concurrent.FutureTask.run(FutureTask.java:266)
at java.util.concurrent.ThreadPoolExecutor.runWorker(ThreadPoolExecutor.java:1149)
at java.util.concurrent.ThreadPoolExecutor$Worker.run(ThreadPoolExecutor.java:624)
at java.lang.Thread.run(Thread.java:748)
... Removed 11 stack frames]]>
    </failure>
  </testcase> <!-- deleteCustomer -->
  <testcase name="deleteCustomer" time="0.777" classname="com.w2a.APITestingFrameWork.TestCases.DeleteCustomerTest">
    <failure type="java.lang.AssertionError" message="ID key is not present in JSON Response expected [true] but found [false]">
      <![CDATA[java.lang.AssertionError: ID key is not present in JSON Response expected [true] but found [false]
at com.w2a.APITestingFrameWork.TestCases.DeleteCustomerTest.deleteCustomer(DeleteCustomerTest.java:39)
at java.util.concurrent.FutureTask.run(FutureTask.java:266)
at java.util.concurrent.Executors$RunnableAdapter.call(Executors.java:511)
at java.util.concurrent.FutureTask.run(FutureTask.java:266)
at java.util.concurrent.ThreadPoolExecutor.runWorker(ThreadPoolExecutor.java:1149)
at java.util.concurrent.ThreadPoolExecutor$Worker.run(ThreadPoolExecutor.java:624)
at java.lang.Thread.run(Thread.java:748)
... Removed 11 stack frames]]>
    </failure>
  </testcase> <!-- deleteCustomer -->
  <testcase name="deleteCustomer" time="0.784" classname="com.w2a.APITestingFrameWork.TestCases.DeleteCustomerTest">
    <failure type="java.lang.AssertionError" message="ID key is not present in JSON Response expected [true] but found [false]">
      <![CDATA[java.lang.AssertionError: ID key is not present in JSON Response expected [true] but found [false]
at com.w2a.APITestingFrameWork.TestCases.DeleteCustomerTest.deleteCustomer(DeleteCustomerTest.java:39)
at java.util.concurrent.FutureTask.run(FutureTask.java:266)
at java.util.concurrent.Executors$RunnableAdapter.call(Executors.java:511)
at java.util.concurrent.FutureTask.run(FutureTask.java:266)
at java.util.concurrent.ThreadPoolExecutor.runWorker(ThreadPoolExecutor.java:1149)
at java.util.concurrent.ThreadPoolExecutor$Worker.run(ThreadPoolExecutor.java:624)
at java.lang.Thread.run(Thread.java:748)
... Removed 11 stack frames]]>
    </failure>
  </testcase> <!-- deleteCustomer -->
  <testcase name="deleteCustomer" time="0.79" classname="com.w2a.APITestingFrameWork.TestCases.DeleteCustomerTest">
    <failure type="java.lang.AssertionError" message="ID key is not present in JSON Response expected [true] but found [false]">
      <![CDATA[java.lang.AssertionError: ID key is not present in JSON Response expected [true] but found [false]
at com.w2a.APITestingFrameWork.TestCases.DeleteCustomerTest.deleteCustomer(DeleteCustomerTest.java:39)
at java.util.concurrent.FutureTask.run(FutureTask.java:266)
at java.util.concurrent.Executors$RunnableAdapter.call(Executors.java:511)
at java.util.concurrent.FutureTask.run(FutureTask.java:266)
at java.util.concurrent.ThreadPoolExecutor.runWorker(ThreadPoolExecutor.java:1149)
at java.util.concurrent.ThreadPoolExecutor$Worker.run(ThreadPoolExecutor.java:624)
at java.lang.Thread.run(Thread.java:748)
... Removed 11 stack frames]]>
    </failure>
  </testcase> <!-- deleteCustomer -->
  <testcase name="deleteCustomer" time="0.77" classname="com.w2a.APITestingFrameWork.TestCases.DeleteCustomerTest">
    <failure type="java.lang.AssertionError" message="ID key is not present in JSON Response expected [true] but found [false]">
      <![CDATA[java.lang.AssertionError: ID key is not present in JSON Response expected [true] but found [false]
at com.w2a.APITestingFrameWork.TestCases.DeleteCustomerTest.deleteCustomer(DeleteCustomerTest.java:39)
at java.util.concurrent.FutureTask.run(FutureTask.java:266)
at java.util.concurrent.Executors$RunnableAdapter.call(Executors.java:511)
at java.util.concurrent.FutureTask.run(FutureTask.java:266)
at java.util.concurrent.ThreadPoolExecutor.runWorker(ThreadPoolExecutor.java:1149)
at java.util.concurrent.ThreadPoolExecutor$Worker.run(ThreadPoolExecutor.java:624)
at java.lang.Thread.run(Thread.java:748)
... Removed 11 stack frames]]>
    </failure>
  </testcase> <!-- deleteCustomer -->
  <testcase name="deleteCustomer" time="0.759" classname="com.w2a.APITestingFrameWork.TestCases.DeleteCustomerTest">
    <failure type="java.lang.AssertionError" message="ID key is not present in JSON Response expected [true] but found [false]">
      <![CDATA[java.lang.AssertionError: ID key is not present in JSON Response expected [true] but found [false]
at com.w2a.APITestingFrameWork.TestCases.DeleteCustomerTest.deleteCustomer(DeleteCustomerTest.java:39)
at java.util.concurrent.FutureTask.run(FutureTask.java:266)
at java.util.concurrent.Executors$RunnableAdapter.call(Executors.java:511)
at java.util.concurrent.FutureTask.run(FutureTask.java:266)
at java.util.concurrent.ThreadPoolExecutor.runWorker(ThreadPoolExecutor.java:1149)
at java.util.concurrent.ThreadPoolExecutor$Worker.run(ThreadPoolExecutor.java:624)
at java.lang.Thread.run(Thread.java:748)
... Removed 11 stack frames]]>
    </failure>
  </testcase> <!-- deleteCustomer -->
  <testcase name="deleteCustomer" time="0.767" classname="com.w2a.APITestingFrameWork.TestCases.DeleteCustomerTest">
    <failure type="java.lang.AssertionError" message="ID key is not present in JSON Response expected [true] but found [false]">
      <![CDATA[java.lang.AssertionError: ID key is not present in JSON Response expected [true] but found [false]
at com.w2a.APITestingFrameWork.TestCases.DeleteCustomerTest.deleteCustomer(DeleteCustomerTest.java:39)
at java.util.concurrent.FutureTask.run(FutureTask.java:266)
at java.util.concurrent.Executors$RunnableAdapter.call(Executors.java:511)
at java.util.concurrent.FutureTask.run(FutureTask.java:266)
at java.util.concurrent.ThreadPoolExecutor.runWorker(ThreadPoolExecutor.java:1149)
at java.util.concurrent.ThreadPoolExecutor$Worker.run(ThreadPoolExecutor.java:624)
at java.lang.Thread.run(Thread.java:748)
... Removed 11 stack frames]]>
    </failure>
  </testcase> <!-- deleteCustomer -->
  <testcase name="deleteCustomer" time="0.759" classname="com.w2a.APITestingFrameWork.TestCases.DeleteCustomerTest">
    <failure type="java.lang.AssertionError" message="ID key is not present in JSON Response expected [true] but found [false]">
      <![CDATA[java.lang.AssertionError: ID key is not present in JSON Response expected [true] but found [false]
at com.w2a.APITestingFrameWork.TestCases.DeleteCustomerTest.deleteCustomer(DeleteCustomerTest.java:39)
at java.util.concurrent.FutureTask.run(FutureTask.java:266)
at java.util.concurrent.Executors$RunnableAdapter.call(Executors.java:511)
at java.util.concurrent.FutureTask.run(FutureTask.java:266)
at java.util.concurrent.ThreadPoolExecutor.runWorker(ThreadPoolExecutor.java:1149)
at java.util.concurrent.ThreadPoolExecutor$Worker.run(ThreadPoolExecutor.java:624)
at java.lang.Thread.run(Thread.java:748)
... Removed 11 stack frames]]>
    </failure>
  </testcase> <!-- deleteCustomer -->
  <testcase name="deleteCustomer" time="0.754" classname="com.w2a.APITestingFrameWork.TestCases.DeleteCustomerTest">
    <failure type="java.lang.AssertionError" message="ID key is not present in JSON Response expected [true] but found [false]">
      <![CDATA[java.lang.AssertionError: ID key is not present in JSON Response expected [true] but found [false]
at com.w2a.APITestingFrameWork.TestCases.DeleteCustomerTest.deleteCustomer(DeleteCustomerTest.java:39)
at java.util.concurrent.FutureTask.run(FutureTask.java:266)
at java.util.concurrent.Executors$RunnableAdapter.call(Executors.java:511)
at java.util.concurrent.FutureTask.run(FutureTask.java:266)
at java.util.concurrent.ThreadPoolExecutor.runWorker(ThreadPoolExecutor.java:1149)
at java.util.concurrent.ThreadPoolExecutor$Worker.run(ThreadPoolExecutor.java:624)
at java.lang.Thread.run(Thread.java:748)
... Removed 11 stack frames]]>
    </failure>
  </testcase> <!-- deleteCustomer -->
  <testcase name="deleteCustomer" time="0.748" classname="com.w2a.APITestingFrameWork.TestCases.DeleteCustomerTest">
    <failure type="java.lang.AssertionError" message="ID key is not present in JSON Response expected [true] but found [false]">
      <![CDATA[java.lang.AssertionError: ID key is not present in JSON Response expected [true] but found [false]
at com.w2a.APITestingFrameWork.TestCases.DeleteCustomerTest.deleteCustomer(DeleteCustomerTest.java:39)
at java.util.concurrent.FutureTask.run(FutureTask.java:266)
at java.util.concurrent.Executors$RunnableAdapter.call(Executors.java:511)
at java.util.concurrent.FutureTask.run(FutureTask.java:266)
at java.util.concurrent.ThreadPoolExecutor.runWorker(ThreadPoolExecutor.java:1149)
at java.util.concurrent.ThreadPoolExecutor$Worker.run(ThreadPoolExecutor.java:624)
at java.lang.Thread.run(Thread.java:748)
... Removed 11 stack frames]]>
    </failure>
  </testcase> <!-- deleteCustomer -->
  <testcase name="deleteCustomer" time="0.759" classname="com.w2a.APITestingFrameWork.TestCases.DeleteCustomerTest">
    <failure type="java.lang.AssertionError" message="ID key is not present in JSON Response expected [true] but found [false]">
      <![CDATA[java.lang.AssertionError: ID key is not present in JSON Response expected [true] but found [false]
at com.w2a.APITestingFrameWork.TestCases.DeleteCustomerTest.deleteCustomer(DeleteCustomerTest.java:39)
at java.util.concurrent.FutureTask.run(FutureTask.java:266)
at java.util.concurrent.Executors$RunnableAdapter.call(Executors.java:511)
at java.util.concurrent.FutureTask.run(FutureTask.java:266)
at java.util.concurrent.ThreadPoolExecutor.runWorker(ThreadPoolExecutor.java:1149)
at java.util.concurrent.ThreadPoolExecutor$Worker.run(ThreadPoolExecutor.java:624)
at java.lang.Thread.run(Thread.java:748)
... Removed 11 stack frames]]>
    </failure>
  </testcase> <!-- deleteCustomer -->
  <testcase name="deleteCustomer" time="0.761" classname="com.w2a.APITestingFrameWork.TestCases.DeleteCustomerTest">
    <failure type="java.lang.AssertionError" message="ID key is not present in JSON Response expected [true] but found [false]">
      <![CDATA[java.lang.AssertionError: ID key is not present in JSON Response expected [true] but found [false]
at com.w2a.APITestingFrameWork.TestCases.DeleteCustomerTest.deleteCustomer(DeleteCustomerTest.java:39)
at java.util.concurrent.FutureTask.run(FutureTask.java:266)
at java.util.concurrent.Executors$RunnableAdapter.call(Executors.java:511)
at java.util.concurrent.FutureTask.run(FutureTask.java:266)
at java.util.concurrent.ThreadPoolExecutor.runWorker(ThreadPoolExecutor.java:1149)
at java.util.concurrent.ThreadPoolExecutor$Worker.run(ThreadPoolExecutor.java:624)
at java.lang.Thread.run(Thread.java:748)
... Removed 11 stack frames]]>
    </failure>
  </testcase> <!-- deleteCustomer -->
  <testcase name="deleteCustomer" time="0.76" classname="com.w2a.APITestingFrameWork.TestCases.DeleteCustomerTest">
    <failure type="java.lang.AssertionError" message="ID key is not present in JSON Response expected [true] but found [false]">
      <![CDATA[java.lang.AssertionError: ID key is not present in JSON Response expected [true] but found [false]
at com.w2a.APITestingFrameWork.TestCases.DeleteCustomerTest.deleteCustomer(DeleteCustomerTest.java:39)
at java.util.concurrent.FutureTask.run(FutureTask.java:266)
at java.util.concurrent.Executors$RunnableAdapter.call(Executors.java:511)
at java.util.concurrent.FutureTask.run(FutureTask.java:266)
at java.util.concurrent.ThreadPoolExecutor.runWorker(ThreadPoolExecutor.java:1149)
at java.util.concurrent.ThreadPoolExecutor$Worker.run(ThreadPoolExecutor.java:624)
at java.lang.Thread.run(Thread.java:748)
... Removed 11 stack frames]]>
    </failure>
  </testcase> <!-- deleteCustomer -->
  <testcase name="deleteCustomer" time="0.787" classname="com.w2a.APITestingFrameWork.TestCases.DeleteCustomerTest">
    <failure type="java.lang.AssertionError" message="ID key is not present in JSON Response expected [true] but found [false]">
      <![CDATA[java.lang.AssertionError: ID key is not present in JSON Response expected [true] but found [false]
at com.w2a.APITestingFrameWork.TestCases.DeleteCustomerTest.deleteCustomer(DeleteCustomerTest.java:39)
at java.util.concurrent.FutureTask.run(FutureTask.java:266)
at java.util.concurrent.Executors$RunnableAdapter.call(Executors.java:511)
at java.util.concurrent.FutureTask.run(FutureTask.java:266)
at java.util.concurrent.ThreadPoolExecutor.runWorker(ThreadPoolExecutor.java:1149)
at java.util.concurrent.ThreadPoolExecutor$Worker.run(ThreadPoolExecutor.java:624)
at java.lang.Thread.run(Thread.java:748)
... Removed 11 stack frames]]>
    </failure>
  </testcase> <!-- deleteCustomer -->
  <testcase name="deleteCustomer" time="0.76" classname="com.w2a.APITestingFrameWork.TestCases.DeleteCustomerTest">
    <failure type="java.lang.AssertionError" message="ID key is not present in JSON Response expected [true] but found [false]">
      <![CDATA[java.lang.AssertionError: ID key is not present in JSON Response expected [true] but found [false]
at com.w2a.APITestingFrameWork.TestCases.DeleteCustomerTest.deleteCustomer(DeleteCustomerTest.java:39)
at java.util.concurrent.FutureTask.run(FutureTask.java:266)
at java.util.concurrent.Executors$RunnableAdapter.call(Executors.java:511)
at java.util.concurrent.FutureTask.run(FutureTask.java:266)
at java.util.concurrent.ThreadPoolExecutor.runWorker(ThreadPoolExecutor.java:1149)
at java.util.concurrent.ThreadPoolExecutor$Worker.run(ThreadPoolExecutor.java:624)
at java.lang.Thread.run(Thread.java:748)
... Removed 11 stack frames]]>
    </failure>
  </testcase> <!-- deleteCustomer -->
  <testcase name="deleteCustomer" time="0.766" classname="com.w2a.APITestingFrameWork.TestCases.DeleteCustomerTest">
    <failure type="java.lang.AssertionError" message="ID key is not present in JSON Response expected [true] but found [false]">
      <![CDATA[java.lang.AssertionError: ID key is not present in JSON Response expected [true] but found [false]
at com.w2a.APITestingFrameWork.TestCases.DeleteCustomerTest.deleteCustomer(DeleteCustomerTest.java:39)
at java.util.concurrent.FutureTask.run(FutureTask.java:266)
at java.util.concurrent.Executors$RunnableAdapter.call(Executors.java:511)
at java.util.concurrent.FutureTask.run(FutureTask.java:266)
at java.util.concurrent.ThreadPoolExecutor.runWorker(ThreadPoolExecutor.java:1149)
at java.util.concurrent.ThreadPoolExecutor$Worker.run(ThreadPoolExecutor.java:624)
at java.lang.Thread.run(Thread.java:748)
... Removed 11 stack frames]]>
    </failure>
  </testcase> <!-- deleteCustomer -->
  <testcase name="deleteCustomer" time="0.764" classname="com.w2a.APITestingFrameWork.TestCases.DeleteCustomerTest">
    <failure type="java.lang.AssertionError" message="ID key is not present in JSON Response expected [true] but found [false]">
      <![CDATA[java.lang.AssertionError: ID key is not present in JSON Response expected [true] but found [false]
at com.w2a.APITestingFrameWork.TestCases.DeleteCustomerTest.deleteCustomer(DeleteCustomerTest.java:39)
at java.util.concurrent.FutureTask.run(FutureTask.java:266)
at java.util.concurrent.Executors$RunnableAdapter.call(Executors.java:511)
at java.util.concurrent.FutureTask.run(FutureTask.java:266)
at java.util.concurrent.ThreadPoolExecutor.runWorker(ThreadPoolExecutor.java:1149)
at java.util.concurrent.ThreadPoolExecutor$Worker.run(ThreadPoolExecutor.java:624)
at java.lang.Thread.run(Thread.java:748)
... Removed 11 stack frames]]>
    </failure>
  </testcase> <!-- deleteCustomer -->
  <testcase name="deleteCustomer" time="0.76" classname="com.w2a.APITestingFrameWork.TestCases.DeleteCustomerTest">
    <failure type="java.lang.AssertionError" message="ID key is not present in JSON Response expected [true] but found [false]">
      <![CDATA[java.lang.AssertionError: ID key is not present in JSON Response expected [true] but found [false]
at com.w2a.APITestingFrameWork.TestCases.DeleteCustomerTest.deleteCustomer(DeleteCustomerTest.java:39)
at java.util.concurrent.FutureTask.run(FutureTask.java:266)
at java.util.concurrent.Executors$RunnableAdapter.call(Executors.java:511)
at java.util.concurrent.FutureTask.run(FutureTask.java:266)
at java.util.concurrent.ThreadPoolExecutor.runWorker(ThreadPoolExecutor.java:1149)
at java.util.concurrent.ThreadPoolExecutor$Worker.run(ThreadPoolExecutor.java:624)
at java.lang.Thread.run(Thread.java:748)
... Removed 11 stack frames]]>
    </failure>
  </testcase> <!-- deleteCustomer -->
  <testcase name="deleteCustomer" time="0.799" classname="com.w2a.APITestingFrameWork.TestCases.DeleteCustomerTest">
    <failure type="java.lang.AssertionError" message="ID key is not present in JSON Response expected [true] but found [false]">
      <![CDATA[java.lang.AssertionError: ID key is not present in JSON Response expected [true] but found [false]
at com.w2a.APITestingFrameWork.TestCases.DeleteCustomerTest.deleteCustomer(DeleteCustomerTest.java:39)
at java.util.concurrent.FutureTask.run(FutureTask.java:266)
at java.util.concurrent.Executors$RunnableAdapter.call(Executors.java:511)
at java.util.concurrent.FutureTask.run(FutureTask.java:266)
at java.util.concurrent.ThreadPoolExecutor.runWorker(ThreadPoolExecutor.java:1149)
at java.util.concurrent.ThreadPoolExecutor$Worker.run(ThreadPoolExecutor.java:624)
at java.lang.Thread.run(Thread.java:748)
... Removed 11 stack frames]]>
    </failure>
  </testcase> <!-- deleteCustomer -->
  <testcase name="deleteCustomer" time="0.774" classname="com.w2a.APITestingFrameWork.TestCases.DeleteCustomerTest">
    <failure type="java.lang.AssertionError" message="ID key is not present in JSON Response expected [true] but found [false]">
      <![CDATA[java.lang.AssertionError: ID key is not present in JSON Response expected [true] but found [false]
at com.w2a.APITestingFrameWork.TestCases.DeleteCustomerTest.deleteCustomer(DeleteCustomerTest.java:39)
at java.util.concurrent.FutureTask.run(FutureTask.java:266)
at java.util.concurrent.Executors$RunnableAdapter.call(Executors.java:511)
at java.util.concurrent.FutureTask.run(FutureTask.java:266)
at java.util.concurrent.ThreadPoolExecutor.runWorker(ThreadPoolExecutor.java:1149)
at java.util.concurrent.ThreadPoolExecutor$Worker.run(ThreadPoolExecutor.java:624)
at java.lang.Thread.run(Thread.java:748)
... Removed 11 stack frames]]>
    </failure>
  </testcase> <!-- deleteCustomer -->
  <testcase name="deleteCustomer" time="0.773" classname="com.w2a.APITestingFrameWork.TestCases.DeleteCustomerTest">
    <failure type="java.lang.AssertionError" message="ID key is not present in JSON Response expected [true] but found [false]">
      <![CDATA[java.lang.AssertionError: ID key is not present in JSON Response expected [true] but found [false]
at com.w2a.APITestingFrameWork.TestCases.DeleteCustomerTest.deleteCustomer(DeleteCustomerTest.java:39)
at java.util.concurrent.FutureTask.run(FutureTask.java:266)
at java.util.concurrent.Executors$RunnableAdapter.call(Executors.java:511)
at java.util.concurrent.FutureTask.run(FutureTask.java:266)
at java.util.concurrent.ThreadPoolExecutor.runWorker(ThreadPoolExecutor.java:1149)
at java.util.concurrent.ThreadPoolExecutor$Worker.run(ThreadPoolExecutor.java:624)
at java.lang.Thread.run(Thread.java:748)
... Removed 11 stack frames]]>
    </failure>
  </testcase> <!-- deleteCustomer -->
  <testcase name="deleteCustomer" time="0.781" classname="com.w2a.APITestingFrameWork.TestCases.DeleteCustomerTest">
    <failure type="java.lang.AssertionError" message="ID key is not present in JSON Response expected [true] but found [false]">
      <![CDATA[java.lang.AssertionError: ID key is not present in JSON Response expected [true] but found [false]
at com.w2a.APITestingFrameWork.TestCases.DeleteCustomerTest.deleteCustomer(DeleteCustomerTest.java:39)
at java.util.concurrent.FutureTask.run(FutureTask.java:266)
at java.util.concurrent.Executors$RunnableAdapter.call(Executors.java:511)
at java.util.concurrent.FutureTask.run(FutureTask.java:266)
at java.util.concurrent.ThreadPoolExecutor.runWorker(ThreadPoolExecutor.java:1149)
at java.util.concurrent.ThreadPoolExecutor$Worker.run(ThreadPoolExecutor.java:624)
at java.lang.Thread.run(Thread.java:748)
... Removed 11 stack frames]]>
    </failure>
  </testcase> <!-- deleteCustomer -->
  <testcase name="deleteCustomer" time="0.773" classname="com.w2a.APITestingFrameWork.TestCases.DeleteCustomerTest">
    <failure type="java.lang.AssertionError" message="ID key is not present in JSON Response expected [true] but found [false]">
      <![CDATA[java.lang.AssertionError: ID key is not present in JSON Response expected [true] but found [false]
at com.w2a.APITestingFrameWork.TestCases.DeleteCustomerTest.deleteCustomer(DeleteCustomerTest.java:39)
at java.util.concurrent.FutureTask.run(FutureTask.java:266)
at java.util.concurrent.Executors$RunnableAdapter.call(Executors.java:511)
at java.util.concurrent.FutureTask.run(FutureTask.java:266)
at java.util.concurrent.ThreadPoolExecutor.runWorker(ThreadPoolExecutor.java:1149)
at java.util.concurrent.ThreadPoolExecutor$Worker.run(ThreadPoolExecutor.java:624)
at java.lang.Thread.run(Thread.java:748)
... Removed 11 stack frames]]>
    </failure>
  </testcase> <!-- deleteCustomer -->
  <testcase name="deleteCustomer" time="0.769" classname="com.w2a.APITestingFrameWork.TestCases.DeleteCustomerTest">
    <failure type="java.lang.AssertionError" message="ID key is not present in JSON Response expected [true] but found [false]">
      <![CDATA[java.lang.AssertionError: ID key is not present in JSON Response expected [true] but found [false]
at com.w2a.APITestingFrameWork.TestCases.DeleteCustomerTest.deleteCustomer(DeleteCustomerTest.java:39)
at java.util.concurrent.FutureTask.run(FutureTask.java:266)
at java.util.concurrent.Executors$RunnableAdapter.call(Executors.java:511)
at java.util.concurrent.FutureTask.run(FutureTask.java:266)
at java.util.concurrent.ThreadPoolExecutor.runWorker(ThreadPoolExecutor.java:1149)
at java.util.concurrent.ThreadPoolExecutor$Worker.run(ThreadPoolExecutor.java:624)
at java.lang.Thread.run(Thread.java:748)
... Removed 11 stack frames]]>
    </failure>
  </testcase> <!-- deleteCustomer -->
  <testcase name="deleteCustomer" time="0.839" classname="com.w2a.APITestingFrameWork.TestCases.DeleteCustomerTest">
    <failure type="java.lang.AssertionError" message="ID key is not present in JSON Response expected [true] but found [false]">
      <![CDATA[java.lang.AssertionError: ID key is not present in JSON Response expected [true] but found [false]
at com.w2a.APITestingFrameWork.TestCases.DeleteCustomerTest.deleteCustomer(DeleteCustomerTest.java:39)
at java.util.concurrent.FutureTask.run(FutureTask.java:266)
at java.util.concurrent.Executors$RunnableAdapter.call(Executors.java:511)
at java.util.concurrent.FutureTask.run(FutureTask.java:266)
at java.util.concurrent.ThreadPoolExecutor.runWorker(ThreadPoolExecutor.java:1149)
at java.util.concurrent.ThreadPoolExecutor$Worker.run(ThreadPoolExecutor.java:624)
at java.lang.Thread.run(Thread.java:748)
... Removed 11 stack frames]]>
    </failure>
  </testcase> <!-- deleteCustomer -->
  <testcase name="deleteCustomer" time="0.772" classname="com.w2a.APITestingFrameWork.TestCases.DeleteCustomerTest">
    <failure type="java.lang.AssertionError" message="ID key is not present in JSON Response expected [true] but found [false]">
      <![CDATA[java.lang.AssertionError: ID key is not present in JSON Response expected [true] but found [false]
at com.w2a.APITestingFrameWork.TestCases.DeleteCustomerTest.deleteCustomer(DeleteCustomerTest.java:39)
at java.util.concurrent.FutureTask.run(FutureTask.java:266)
at java.util.concurrent.Executors$RunnableAdapter.call(Executors.java:511)
at java.util.concurrent.FutureTask.run(FutureTask.java:266)
at java.util.concurrent.ThreadPoolExecutor.runWorker(ThreadPoolExecutor.java:1149)
at java.util.concurrent.ThreadPoolExecutor$Worker.run(ThreadPoolExecutor.java:624)
at java.lang.Thread.run(Thread.java:748)
... Removed 11 stack frames]]>
    </failure>
  </testcase> <!-- deleteCustomer -->
  <testcase name="deleteCustomer" time="0.763" classname="com.w2a.APITestingFrameWork.TestCases.DeleteCustomerTest">
    <failure type="java.lang.AssertionError" message="ID key is not present in JSON Response expected [true] but found [false]">
      <![CDATA[java.lang.AssertionError: ID key is not present in JSON Response expected [true] but found [false]
at com.w2a.APITestingFrameWork.TestCases.DeleteCustomerTest.deleteCustomer(DeleteCustomerTest.java:39)
at java.util.concurrent.FutureTask.run(FutureTask.java:266)
at java.util.concurrent.Executors$RunnableAdapter.call(Executors.java:511)
at java.util.concurrent.FutureTask.run(FutureTask.java:266)
at java.util.concurrent.ThreadPoolExecutor.runWorker(ThreadPoolExecutor.java:1149)
at java.util.concurrent.ThreadPoolExecutor$Worker.run(ThreadPoolExecutor.java:624)
at java.lang.Thread.run(Thread.java:748)
... Removed 11 stack frames]]>
    </failure>
  </testcase> <!-- deleteCustomer -->
  <testcase name="deleteCustomer" time="0.756" classname="com.w2a.APITestingFrameWork.TestCases.DeleteCustomerTest">
    <failure type="java.lang.AssertionError" message="ID key is not present in JSON Response expected [true] but found [false]">
      <![CDATA[java.lang.AssertionError: ID key is not present in JSON Response expected [true] but found [false]
at com.w2a.APITestingFrameWork.TestCases.DeleteCustomerTest.deleteCustomer(DeleteCustomerTest.java:39)
at java.util.concurrent.FutureTask.run(FutureTask.java:266)
at java.util.concurrent.Executors$RunnableAdapter.call(Executors.java:511)
at java.util.concurrent.FutureTask.run(FutureTask.java:266)
at java.util.concurrent.ThreadPoolExecutor.runWorker(ThreadPoolExecutor.java:1149)
at java.util.concurrent.ThreadPoolExecutor$Worker.run(ThreadPoolExecutor.java:624)
at java.lang.Thread.run(Thread.java:748)
... Removed 11 stack frames]]>
    </failure>
  </testcase> <!-- deleteCustomer -->
  <testcase name="deleteCustomer" time="0.773" classname="com.w2a.APITestingFrameWork.TestCases.DeleteCustomerTest">
    <failure type="java.lang.AssertionError" message="ID key is not present in JSON Response expected [true] but found [false]">
      <![CDATA[java.lang.AssertionError: ID key is not present in JSON Response expected [true] but found [false]
at com.w2a.APITestingFrameWork.TestCases.DeleteCustomerTest.deleteCustomer(DeleteCustomerTest.java:39)
at java.util.concurrent.FutureTask.run(FutureTask.java:266)
at java.util.concurrent.Executors$RunnableAdapter.call(Executors.java:511)
at java.util.concurrent.FutureTask.run(FutureTask.java:266)
at java.util.concurrent.ThreadPoolExecutor.runWorker(ThreadPoolExecutor.java:1149)
at java.util.concurrent.ThreadPoolExecutor$Worker.run(ThreadPoolExecutor.java:624)
at java.lang.Thread.run(Thread.java:748)
... Removed 11 stack frames]]>
    </failure>
  </testcase> <!-- deleteCustomer -->
  <testcase name="deleteCustomer" time="0.765" classname="com.w2a.APITestingFrameWork.TestCases.DeleteCustomerTest">
    <failure type="java.lang.AssertionError" message="ID key is not present in JSON Response expected [true] but found [false]">
      <![CDATA[java.lang.AssertionError: ID key is not present in JSON Response expected [true] but found [false]
at com.w2a.APITestingFrameWork.TestCases.DeleteCustomerTest.deleteCustomer(DeleteCustomerTest.java:39)
at java.util.concurrent.FutureTask.run(FutureTask.java:266)
at java.util.concurrent.Executors$RunnableAdapter.call(Executors.java:511)
at java.util.concurrent.FutureTask.run(FutureTask.java:266)
at java.util.concurrent.ThreadPoolExecutor.runWorker(ThreadPoolExecutor.java:1149)
at java.util.concurrent.ThreadPoolExecutor$Worker.run(ThreadPoolExecutor.java:624)
at java.lang.Thread.run(Thread.java:748)
... Removed 11 stack frames]]>
    </failure>
  </testcase> <!-- deleteCustomer -->
  <testcase name="deleteCustomer" time="0.759" classname="com.w2a.APITestingFrameWork.TestCases.DeleteCustomerTest">
    <failure type="java.lang.AssertionError" message="ID key is not present in JSON Response expected [true] but found [false]">
      <![CDATA[java.lang.AssertionError: ID key is not present in JSON Response expected [true] but found [false]
at com.w2a.APITestingFrameWork.TestCases.DeleteCustomerTest.deleteCustomer(DeleteCustomerTest.java:39)
at java.util.concurrent.FutureTask.run(FutureTask.java:266)
at java.util.concurrent.Executors$RunnableAdapter.call(Executors.java:511)
at java.util.concurrent.FutureTask.run(FutureTask.java:266)
at java.util.concurrent.ThreadPoolExecutor.runWorker(ThreadPoolExecutor.java:1149)
at java.util.concurrent.ThreadPoolExecutor$Worker.run(ThreadPoolExecutor.java:624)
at java.lang.Thread.run(Thread.java:748)
... Removed 11 stack frames]]>
    </failure>
  </testcase> <!-- deleteCustomer -->
  <testcase name="deleteCustomer" time="0.765" classname="com.w2a.APITestingFrameWork.TestCases.DeleteCustomerTest">
    <failure type="java.lang.AssertionError" message="ID key is not present in JSON Response expected [true] but found [false]">
      <![CDATA[java.lang.AssertionError: ID key is not present in JSON Response expected [true] but found [false]
at com.w2a.APITestingFrameWork.TestCases.DeleteCustomerTest.deleteCustomer(DeleteCustomerTest.java:39)
at java.util.concurrent.FutureTask.run(FutureTask.java:266)
at java.util.concurrent.Executors$RunnableAdapter.call(Executors.java:511)
at java.util.concurrent.FutureTask.run(FutureTask.java:266)
at java.util.concurrent.ThreadPoolExecutor.runWorker(ThreadPoolExecutor.java:1149)
at java.util.concurrent.ThreadPoolExecutor$Worker.run(ThreadPoolExecutor.java:624)
at java.lang.Thread.run(Thread.java:748)
... Removed 11 stack frames]]>
    </failure>
  </testcase> <!-- deleteCustomer -->
  <testcase name="deleteCustomer" time="0.764" classname="com.w2a.APITestingFrameWork.TestCases.DeleteCustomerTest">
    <failure type="java.lang.AssertionError" message="ID key is not present in JSON Response expected [true] but found [false]">
      <![CDATA[java.lang.AssertionError: ID key is not present in JSON Response expected [true] but found [false]
at com.w2a.APITestingFrameWork.TestCases.DeleteCustomerTest.deleteCustomer(DeleteCustomerTest.java:39)
at java.util.concurrent.FutureTask.run(FutureTask.java:266)
at java.util.concurrent.Executors$RunnableAdapter.call(Executors.java:511)
at java.util.concurrent.FutureTask.run(FutureTask.java:266)
at java.util.concurrent.ThreadPoolExecutor.runWorker(ThreadPoolExecutor.java:1149)
at java.util.concurrent.ThreadPoolExecutor$Worker.run(ThreadPoolExecutor.java:624)
at java.lang.Thread.run(Thread.java:748)
... Removed 11 stack frames]]>
    </failure>
  </testcase> <!-- deleteCustomer -->
  <testcase name="deleteCustomer" time="0.763" classname="com.w2a.APITestingFrameWork.TestCases.DeleteCustomerTest">
    <failure type="java.lang.AssertionError" message="ID key is not present in JSON Response expected [true] but found [false]">
      <![CDATA[java.lang.AssertionError: ID key is not present in JSON Response expected [true] but found [false]
at com.w2a.APITestingFrameWork.TestCases.DeleteCustomerTest.deleteCustomer(DeleteCustomerTest.java:39)
at java.util.concurrent.FutureTask.run(FutureTask.java:266)
at java.util.concurrent.Executors$RunnableAdapter.call(Executors.java:511)
at java.util.concurrent.FutureTask.run(FutureTask.java:266)
at java.util.concurrent.ThreadPoolExecutor.runWorker(ThreadPoolExecutor.java:1149)
at java.util.concurrent.ThreadPoolExecutor$Worker.run(ThreadPoolExecutor.java:624)
at java.lang.Thread.run(Thread.java:748)
... Removed 11 stack frames]]>
    </failure>
  </testcase> <!-- deleteCustomer -->
  <testcase name="deleteCustomer" time="0.801" classname="com.w2a.APITestingFrameWork.TestCases.DeleteCustomerTest">
    <failure type="java.lang.AssertionError" message="ID key is not present in JSON Response expected [true] but found [false]">
      <![CDATA[java.lang.AssertionError: ID key is not present in JSON Response expected [true] but found [false]
at com.w2a.APITestingFrameWork.TestCases.DeleteCustomerTest.deleteCustomer(DeleteCustomerTest.java:39)
at java.util.concurrent.FutureTask.run(FutureTask.java:266)
at java.util.concurrent.Executors$RunnableAdapter.call(Executors.java:511)
at java.util.concurrent.FutureTask.run(FutureTask.java:266)
at java.util.concurrent.ThreadPoolExecutor.runWorker(ThreadPoolExecutor.java:1149)
at java.util.concurrent.ThreadPoolExecutor$Worker.run(ThreadPoolExecutor.java:624)
at java.lang.Thread.run(Thread.java:748)
... Removed 11 stack frames]]>
    </failure>
  </testcase> <!-- deleteCustomer -->
</testsuite> <!-- DeleteCustomerAPITest -->
